#
# There is insufficient memory for the Java Runtime Environment to continue.
# Native memory allocation (mmap) failed to map 114688000 bytes for committing reserved memory.
# Possible reasons:
#   The system is out of physical RAM or swap space
#   The process is running with CompressedOops enabled, and the Java Heap may be blocking the growth of the native heap
# Possible solutions:
#   Reduce memory load on the system
#   Increase physical memory or swap space
#   Check if swap backing store is full
#   Decrease Java heap size (-Xmx/-Xms)
#   Decrease number of Java threads
#   Decrease Java thread stack sizes (-Xss)
#   Set larger code cache with -XX:ReservedCodeCacheSize=
# This output file may be truncated or incomplete.
#
#  Out of Memory Error (os_linux.cpp:2753), pid=1755, tid=0x00007f16a63e1700
#
# JRE version:  (8.0_202-b49) (build )
# Java VM: OpenJDK 64-Bit Server VM (25.202-b49 mixed mode linux-amd64 compressed oops)
# Failed to write core dump. Core dumps have been disabled. To enable core dumping, try "ulimit -c unlimited" before starting Java again
#

---------------  T H R E A D  ---------------

Current thread (0x00007f16a000b000):  JavaThread "Unknown thread" [_thread_in_vm, id=1756, stack(0x00007f16a62e2000,0x00007f16a63e2000)]

Stack: [0x00007f16a62e2000,0x00007f16a63e2000],  sp=0x00007f16a63e0370,  free space=1016k
Native frames: (J=compiled Java code, j=interpreted, Vv=VM code, C=native code)
V  [libjvm.so+0xa4458e]  VMError::report_and_die()+0x14e
V  [libjvm.so+0x4dfff9]  report_vm_out_of_memory(char const*, int, unsigned long, VMErrorType, char const*)+0x99
V  [libjvm.so+0x8b4313]  os::Linux::commit_memory_impl(char*, unsigned long, bool)+0x113
V  [libjvm.so+0x8b4539]  os::pd_commit_memory(char*, unsigned long, unsigned long, bool)+0x29
V  [libjvm.so+0x8a95ca]  os::commit_memory(char*, unsigned long, unsigned long, bool)+0x2a
V  [libjvm.so+0xa40f38]  _ZN12VirtualSpace9expand_byEmb.clone.1+0x188
V  [libjvm.so+0x5cccb9]  CardGeneration::CardGeneration(ReservedSpace, unsigned long, int, GenRemSet*)+0xf9
V  [libjvm.so+0x9eb7ff]  TenuredGeneration::TenuredGeneration(ReservedSpace, unsigned long, int, GenRemSet*)+0x5f
V  [libjvm.so+0x5cd94c]  GenerationSpec::init(ReservedSpace, int, GenRemSet*)+0xdc
V  [libjvm.so+0x5bcf46]  GenCollectedHeap::initialize()+0x1e6
V  [libjvm.so+0xa0efd1]  Universe::initialize_heap()+0x101
V  [libjvm.so+0xa10083]  universe_init()+0x33
V  [libjvm.so+0x60d435]  init_globals()+0x55
V  [libjvm.so+0x9f4aa7]  Threads::create_vm(JavaVMInitArgs*, bool*)+0x207
V  [libjvm.so+0x6723c4]  JNI_CreateJavaVM+0x74
C  [libjli.so+0x75f7]  JavaMain+0x87
C  [libpthread.so.0+0x76db]  start_thread+0xdb


---------------  P R O C E S S  ---------------

Java Threads: ( => current thread )

Other Threads:

=>0x00007f16a000b000 (exited) JavaThread "Unknown thread" [_thread_in_vm, id=1756, stack(0x00007f16a62e2000,0x00007f16a63e2000)]

VM state:not at safepoint (not fully initialized)

VM Mutex/Monitor currently owned by a thread: None

heap address: 0x000000071c800000, size: 2616 MB, Compressed Oops mode: Non-zero based:0x000000071c7ff000, Oop shift amount: 3
Narrow klass base: 0x0000000000000000, Narrow klass shift: 0

GC Heap History (0 events):
No events

Deoptimization events (0 events):
No events

Classes redefined (0 events):
No events

Internal exceptions (0 events):
No events

Events (0 events):
No events


Dynamic libraries:
00400000-00401000 r-xp 00000000 08:01 1713510                            /home/sergei/idea-IC-191.7141.44/jre64/bin/java
00600000-00601000 rw-p 00000000 08:01 1713510                            /home/sergei/idea-IC-191.7141.44/jre64/bin/java
017f8000-01819000 rw-p 00000000 00:00 0                                  [heap]
71c800000-71fea0000 rw-p 00000000 00:00 0 
71fea0000-753000000 ---p 00000000 00:00 0 
759d60000-7c0000000 ---p 00000000 00:00 0 
7f168f81f000-7f168fab7000 rw-p 00000000 00:00 0 
7f168fab7000-7f168ffb7000 ---p 00000000 00:00 0 
7f168ffb7000-7f168ffc2000 rw-p 00000000 00:00 0 
7f168ffc2000-7f1690378000 ---p 00000000 00:00 0 
7f1690378000-7f16905e8000 rwxp 00000000 00:00 0 
7f16905e8000-7f169f378000 ---p 00000000 00:00 0 
7f169f378000-7f169f393000 r-xp 00000000 08:01 1713416                    /home/sergei/idea-IC-191.7141.44/jre64/lib/amd64/libzip.so
7f169f393000-7f169f592000 ---p 0001b000 08:01 1713416                    /home/sergei/idea-IC-191.7141.44/jre64/lib/amd64/libzip.so
7f169f592000-7f169f593000 rw-p 0001a000 08:01 1713416                    /home/sergei/idea-IC-191.7141.44/jre64/lib/amd64/libzip.so
7f169f593000-7f169f59e000 r-xp 00000000 08:01 398841                     /lib/x86_64-linux-gnu/libnss_files-2.27.so
7f169f59e000-7f169f79d000 ---p 0000b000 08:01 398841                     /lib/x86_64-linux-gnu/libnss_files-2.27.so
7f169f79d000-7f169f79e000 r--p 0000a000 08:01 398841                     /lib/x86_64-linux-gnu/libnss_files-2.27.so
7f169f79e000-7f169f79f000 rw-p 0000b000 08:01 398841                     /lib/x86_64-linux-gnu/libnss_files-2.27.so
7f169f79f000-7f169f7a5000 rw-p 00000000 00:00 0 
7f169f7a5000-7f169f7bc000 r-xp 00000000 08:01 398835                     /lib/x86_64-linux-gnu/libnsl-2.27.so
7f169f7bc000-7f169f9bb000 ---p 00017000 08:01 398835                     /lib/x86_64-linux-gnu/libnsl-2.27.so
7f169f9bb000-7f169f9bc000 r--p 00016000 08:01 398835                     /lib/x86_64-linux-gnu/libnsl-2.27.so
7f169f9bc000-7f169f9bd000 rw-p 00017000 08:01 398835                     /lib/x86_64-linux-gnu/libnsl-2.27.so
7f169f9bd000-7f169f9bf000 rw-p 00000000 00:00 0 
7f169f9bf000-7f169f9ca000 r-xp 00000000 08:01 398852                     /lib/x86_64-linux-gnu/libnss_nis-2.27.so
7f169f9ca000-7f169fbc9000 ---p 0000b000 08:01 398852                     /lib/x86_64-linux-gnu/libnss_nis-2.27.so
7f169fbc9000-7f169fbca000 r--p 0000a000 08:01 398852                     /lib/x86_64-linux-gnu/libnss_nis-2.27.so
7f169fbca000-7f169fbcb000 rw-p 0000b000 08:01 398852                     /lib/x86_64-linux-gnu/libnss_nis-2.27.so
7f169fbcb000-7f169fbd3000 r-xp 00000000 08:01 398837                     /lib/x86_64-linux-gnu/libnss_compat-2.27.so
7f169fbd3000-7f169fdd3000 ---p 00008000 08:01 398837                     /lib/x86_64-linux-gnu/libnss_compat-2.27.so
7f169fdd3000-7f169fdd4000 r--p 00008000 08:01 398837                     /lib/x86_64-linux-gnu/libnss_compat-2.27.so
7f169fdd4000-7f169fdd5000 rw-p 00009000 08:01 398837                     /lib/x86_64-linux-gnu/libnss_compat-2.27.so
7f169fdd5000-7f169fdff000 r-xp 00000000 08:01 1713386                    /home/sergei/idea-IC-191.7141.44/jre64/lib/amd64/libjava.so
7f169fdff000-7f169fffe000 ---p 0002a000 08:01 1713386                    /home/sergei/idea-IC-191.7141.44/jre64/lib/amd64/libjava.so
7f169fffe000-7f16a0000000 rw-p 00029000 08:01 1713386                    /home/sergei/idea-IC-191.7141.44/jre64/lib/amd64/libjava.so
7f16a0000000-7f16a0037000 rw-p 00000000 00:00 0 
7f16a0037000-7f16a4000000 ---p 00000000 00:00 0 
7f16a4092000-7f16a40a1000 r-xp 00000000 08:01 1713415                    /home/sergei/idea-IC-191.7141.44/jre64/lib/amd64/libverify.so
7f16a40a1000-7f16a42a0000 ---p 0000f000 08:01 1713415                    /home/sergei/idea-IC-191.7141.44/jre64/lib/amd64/libverify.so
7f16a42a0000-7f16a42a2000 rw-p 0000e000 08:01 1713415                    /home/sergei/idea-IC-191.7141.44/jre64/lib/amd64/libverify.so
7f16a42a2000-7f16a42a9000 r-xp 00000000 08:01 398892                     /lib/x86_64-linux-gnu/librt-2.27.so
7f16a42a9000-7f16a44a8000 ---p 00007000 08:01 398892                     /lib/x86_64-linux-gnu/librt-2.27.so
7f16a44a8000-7f16a44a9000 r--p 00006000 08:01 398892                     /lib/x86_64-linux-gnu/librt-2.27.so
7f16a44a9000-7f16a44aa000 rw-p 00007000 08:01 398892                     /lib/x86_64-linux-gnu/librt-2.27.so
7f16a44aa000-7f16a4647000 r-xp 00000000 08:01 398814                     /lib/x86_64-linux-gnu/libm-2.27.so
7f16a4647000-7f16a4846000 ---p 0019d000 08:01 398814                     /lib/x86_64-linux-gnu/libm-2.27.so
7f16a4846000-7f16a4847000 r--p 0019c000 08:01 398814                     /lib/x86_64-linux-gnu/libm-2.27.so
7f16a4847000-7f16a4848000 rw-p 0019d000 08:01 398814                     /lib/x86_64-linux-gnu/libm-2.27.so
7f16a4848000-7f16a5497000 r-xp 00000000 08:01 1713420                    /home/sergei/idea-IC-191.7141.44/jre64/lib/amd64/server/libjvm.so
7f16a5497000-7f16a5697000 ---p 00c4f000 08:01 1713420                    /home/sergei/idea-IC-191.7141.44/jre64/lib/amd64/server/libjvm.so
7f16a5697000-7f16a5767000 rw-p 00c4f000 08:01 1713420                    /home/sergei/idea-IC-191.7141.44/jre64/lib/amd64/server/libjvm.so
7f16a5767000-7f16a57a9000 rw-p 00000000 00:00 0 
7f16a57a9000-7f16a5990000 r-xp 00000000 08:01 398751                     /lib/x86_64-linux-gnu/libc-2.27.so
7f16a5990000-7f16a5b90000 ---p 001e7000 08:01 398751                     /lib/x86_64-linux-gnu/libc-2.27.so
7f16a5b90000-7f16a5b94000 r--p 001e7000 08:01 398751                     /lib/x86_64-linux-gnu/libc-2.27.so
7f16a5b94000-7f16a5b96000 rw-p 001eb000 08:01 398751                     /lib/x86_64-linux-gnu/libc-2.27.so
7f16a5b96000-7f16a5b9a000 rw-p 00000000 00:00 0 
7f16a5b9a000-7f16a5b9d000 r-xp 00000000 08:01 398774                     /lib/x86_64-linux-gnu/libdl-2.27.so
7f16a5b9d000-7f16a5d9c000 ---p 00003000 08:01 398774                     /lib/x86_64-linux-gnu/libdl-2.27.so
7f16a5d9c000-7f16a5d9d000 r--p 00002000 08:01 398774                     /lib/x86_64-linux-gnu/libdl-2.27.so
7f16a5d9d000-7f16a5d9e000 rw-p 00003000 08:01 398774                     /lib/x86_64-linux-gnu/libdl-2.27.so
7f16a5d9e000-7f16a5db3000 r-xp 00000000 08:01 1713367                    /home/sergei/idea-IC-191.7141.44/jre64/lib/amd64/jli/libjli.so
7f16a5db3000-7f16a5fb3000 ---p 00015000 08:01 1713367                    /home/sergei/idea-IC-191.7141.44/jre64/lib/amd64/jli/libjli.so
7f16a5fb3000-7f16a5fb4000 rw-p 00015000 08:01 1713367                    /home/sergei/idea-IC-191.7141.44/jre64/lib/amd64/jli/libjli.so
7f16a5fb4000-7f16a5fce000 r-xp 00000000 08:01 398884                     /lib/x86_64-linux-gnu/libpthread-2.27.so
7f16a5fce000-7f16a61cd000 ---p 0001a000 08:01 398884                     /lib/x86_64-linux-gnu/libpthread-2.27.so
7f16a61cd000-7f16a61ce000 r--p 00019000 08:01 398884                     /lib/x86_64-linux-gnu/libpthread-2.27.so
7f16a61ce000-7f16a61cf000 rw-p 0001a000 08:01 398884                     /lib/x86_64-linux-gnu/libpthread-2.27.so
7f16a61cf000-7f16a61d3000 rw-p 00000000 00:00 0 
7f16a61d3000-7f16a61fa000 r-xp 00000000 08:01 398723                     /lib/x86_64-linux-gnu/ld-2.27.so
7f16a62e1000-7f16a62e2000 ---p 00000000 00:00 0 
7f16a62e2000-7f16a62e5000 ---p 00000000 00:00 0 
7f16a62e5000-7f16a63e6000 rw-p 00000000 00:00 0 
7f16a63f0000-7f16a63f8000 rw-s 00000000 08:01 2499358                    /tmp/hsperfdata_sergei/1755
7f16a63f8000-7f16a63f9000 rw-p 00000000 00:00 0 
7f16a63f9000-7f16a63fa000 r--p 00000000 00:00 0 
7f16a63fa000-7f16a63fb000 r--p 00027000 08:01 398723                     /lib/x86_64-linux-gnu/ld-2.27.so
7f16a63fb000-7f16a63fc000 rw-p 00028000 08:01 398723                     /lib/x86_64-linux-gnu/ld-2.27.so
7f16a63fc000-7f16a63fd000 rw-p 00000000 00:00 0 
7fff8c424000-7fff8c445000 rw-p 00000000 00:00 0                          [stack]
7fff8c5b6000-7fff8c5b9000 r--p 00000000 00:00 0                          [vvar]
7fff8c5b9000-7fff8c5bb000 r-xp 00000000 00:00 0                          [vdso]
ffffffffff600000-ffffffffff601000 r-xp 00000000 00:00 0                  [vsyscall]

VM Arguments:
java_command: org.jetbrains.git4idea.http.GitAskPassApp Password for 'https://git.epam.com': 
java_class_path (initial): /home/sergei/idea-IC-191.7141.44/plugins/git4idea/lib/git4idea-rt.jar:/home/sergei/idea-IC-191.7141.44/lib/xmlrpc-2.0.1.jar:/home/sergei/idea-IC-191.7141.44/lib/commons-codec-1.10.jar:/home/sergei/idea-IC-191.7141.44/lib/util.jar
Launcher Type: SUN_STANDARD

Environment Variables:
PATH=/usr/lib/git-core:/home/sergei/.local/bin:/usr/local/sbin:/usr/local/bin:/usr/sbin:/usr/bin:/sbin:/bin:/usr/games:/usr/local/games:/snap/bin
USERNAME=sergei
SHELL=/bin/bash
DISPLAY=:0

Signal Handlers:
SIGSEGV: [libjvm.so+0xa44f70], sa_mask[0]=11111111011111111101111111111110, sa_flags=SA_RESTART|SA_SIGINFO
SIGBUS: [libjvm.so+0xa44f70], sa_mask[0]=11111111011111111101111111111110, sa_flags=SA_RESTART|SA_SIGINFO
SIGFPE: [libjvm.so+0x8add30], sa_mask[0]=11111111011111111101111111111110, sa_flags=SA_RESTART|SA_SIGINFO
SIGPIPE: [libjvm.so+0x8add30], sa_mask[0]=11111111011111111101111111111110, sa_flags=SA_RESTART|SA_SIGINFO
SIGXFSZ: [libjvm.so+0x8add30], sa_mask[0]=11111111011111111101111111111110, sa_flags=SA_RESTART|SA_SIGINFO
SIGILL: [libjvm.so+0x8add30], sa_mask[0]=11111111011111111101111111111110, sa_flags=SA_RESTART|SA_SIGINFO
SIGUSR1: SIG_DFL, sa_mask[0]=00000000000000000000000000000000, sa_flags=none
SIGUSR2: [libjvm.so+0x8af430], sa_mask[0]=00100000000000000000000000000000, sa_flags=SA_RESTART|SA_SIGINFO
SIGHUP: SIG_DFL, sa_mask[0]=00000000000000000000000000000000, sa_flags=none
SIGINT: SIG_DFL, sa_mask[0]=00000000000000000000000000000000, sa_flags=none
SIGTERM: SIG_DFL, sa_mask[0]=00000000000000000000000000000000, sa_flags=none
SIGQUIT: SIG_DFL, sa_mask[0]=00000000000000000000000000000000, sa_flags=none


---------------  S Y S T E M  ---------------

OS:DISTRIB_ID=Ubuntu
DISTRIB_RELEASE=18.04
DISTRIB_CODENAME=bionic
DISTRIB_DESCRIPTION="Ubuntu 18.04.2 LTS"

uname:Linux 4.18.0-25-generic #26~18.04.1-Ubuntu SMP Thu Jun 27 07:28:31 UTC 2019 x86_64
libc:glibc 2.27 NPTL 2.27 
rlimit: STACK 8192k, CORE 0k, NPROC 41589, NOFILE 1048576, AS infinity
load average:21.48 13.50 6.88

/proc/meminfo:
MemTotal:       10711884 kB
MemFree:          111448 kB
MemAvailable:      23884 kB
Buffers:            6940 kB
Cached:          1405820 kB
SwapCached:        19604 kB
Active:          8793604 kB
Inactive:        1391516 kB
Active(anon):    8770140 kB
Inactive(anon):  1359348 kB
Active(file):      23464 kB
Inactive(file):    32168 kB
Unevictable:          64 kB
Mlocked:              64 kB
SwapTotal:       2097148 kB
SwapFree:              0 kB
Dirty:               172 kB
Writeback:             0 kB
AnonPages:       8753040 kB
Mapped:          1389580 kB
Shmem:           1356952 kB
Slab:             132252 kB
SReclaimable:      58860 kB
SUnreclaim:        73392 kB
KernelStack:       20928 kB
PageTables:       136220 kB
NFS_Unstable:          0 kB
Bounce:                0 kB
WritebackTmp:          0 kB
CommitLimit:     7453088 kB
Committed_AS:   25864608 kB
VmallocTotal:   34359738367 kB
VmallocUsed:           0 kB
VmallocChunk:          0 kB
HardwareCorrupted:     0 kB
AnonHugePages:         0 kB
ShmemHugePages:        0 kB
ShmemPmdMapped:        0 kB
CmaTotal:              0 kB
CmaFree:               0 kB
HugePages_Total:       0
HugePages_Free:        0
HugePages_Rsvd:        0
HugePages_Surp:        0
Hugepagesize:       2048 kB
Hugetlb:               0 kB
DirectMap4k:      362432 kB
DirectMap2M:    10610688 kB

container (cgroup) information:
container_type: cgroupv1
cpu_cpuset_cpus: 0
cpu_memory_nodes: 0
active_processor_count: 1
cpu_quota: -1
cpu_period: 100000
cpu_shares: -1
memory_limit_in_bytes: -1
memory_and_swap_limit_in_bytes: -2
memory_soft_limit_in_bytes: -1
memory_usage_in_bytes: 10426937344
memory_max_usage_in_bytes: 2769784832


CPU:total 1 (initial active 1) (1 cores per cpu, 1 threads per core) family 6 model 158 stepping 9, cmov, cx8, fxsr, mmx, sse, sse2, sse3, ssse3, sse4.1, sse4.2, popcnt, avx, avx2, aes, clmul, 3dnowpref, lzcnt, tsc, tscinvbit

/proc/cpuinfo:
processor	: 0
vendor_id	: GenuineIntel
cpu family	: 6
model		: 158
model name	: Intel(R) Core(TM) i7-7700 CPU @ 3.60GHz
stepping	: 9
cpu MHz		: 3600.000
cache size	: 8192 KB
physical id	: 0
siblings	: 1
core id		: 0
cpu cores	: 1
apicid		: 0
initial apicid	: 0
fpu		: yes
fpu_exception	: yes
cpuid level	: 22
wp		: yes
flags		: fpu vme de pse tsc msr pae mce cx8 apic sep mtrr pge mca cmov pat pse36 clflush mmx fxsr sse sse2 ht syscall nx rdtscp lm constant_tsc rep_good nopl xtopology nonstop_tsc cpuid tsc_known_freq pni pclmulqdq monitor ssse3 cx16 pcid sse4_1 sse4_2 x2apic movbe popcnt aes xsave avx rdrand hypervisor lahf_lm abm 3dnowprefetch invpcid_single pti fsgsbase avx2 invpcid rdseed clflushopt flush_l1d
bugs		: cpu_meltdown spectre_v1 spectre_v2 spec_store_bypass l1tf mds
bogomips	: 7200.00
clflush size	: 64
cache_alignment	: 64
address sizes	: 39 bits physical, 48 bits virtual
power management:



Memory: 4k page, physical 10711884k(111448k free), swap 2097148k(0k free)

vm_info: OpenJDK 64-Bit Server VM (25.202-b49) for linux-amd64 JRE (1.8.0_202-release-1483-b49), built on Apr 10 2019 13:56:32 by "root" with gcc 4.4.7 20120313 (Red Hat 4.4.7-16)

time: Tue Jul  9 19:26:20 2019
timezone: MSK
elapsed time: 0 seconds (0d 0h 0m 0s)

